Arguments: 
  /usr/bin/node /usr/share/yarn/bin/yarn.js add @symfony/webpack-encode --dev

PATH: 
  /usr/local/sbin:/usr/local/bin:/usr/sbin:/usr/bin:/sbin:/bin:/usr/games:/usr/local/games:/snap/bin

Yarn version: 
  1.15.2

Node version: 
  8.10.0

Platform: 
  linux x64

Trace: 
  Error: https://registry.yarnpkg.com/@symfony%2fwebpack-encode: Not found
      at Request.params.callback [as _callback] (/usr/share/yarn/lib/cli.js:66058:18)
      at Request.self.callback (/usr/share/yarn/lib/cli.js:129541:22)
      at emitTwo (events.js:126:13)
      at Request.emit (events.js:214:7)
      at Request.<anonymous> (/usr/share/yarn/lib/cli.js:130513:10)
      at emitOne (events.js:116:13)
      at Request.emit (events.js:211:7)
      at IncomingMessage.<anonymous> (/usr/share/yarn/lib/cli.js:130435:12)
      at Object.onceWrapper (events.js:313:30)
      at emitNone (events.js:111:20)

npm manifest: 
  {
    "name": "auth-oauth2",
    "version": "1.0.0",
    "description": "A simple application for study of integration OAuth 2.0. Providers Facebook and Google.",
    "main": "resources/assets/js/app.js",
    "directories": {
      "test": "test"
    },
    "scripts": {
      "test": "echo \"Error: no test specified\" && exit 1"
    },
    "repository": {
      "type": "git",
      "url": "git+https://github.com/thalysonrodrigues/auth-oauth2.git"
    },
    "keywords": [
      "expressive",
      "oauth2",
      "middlewares",
      "google oauth",
      "facebook oauth"
    ],
    "author": "Thalyson Rodrigues",
    "license": "MIT",
    "bugs": {
      "url": "https://github.com/thalysonrodrigues/auth-oauth2/issues"
    },
    "homepage": "https://github.com/thalysonrodrigues/auth-oauth2#readme"
  }

yarn manifest: 
  No manifest

Lockfile: 
  No lockfile
